0 info it worked if it ends with ok
1 verbose cli [ '/Users/jackh/.nvm/versions/node/v6.0.0/bin/node',
1 verbose cli   '/Users/jackh/.nvm/versions/node/v6.0.0/bin/npm',
1 verbose cli   'publish' ]
2 info using npm@3.8.6
3 info using node@v6.0.0
4 verbose publish [ '.' ]
5 silly cache add args [ '.', null ]
6 verbose cache add spec .
7 silly cache add parsed spec Result {
7 silly cache add   raw: '.',
7 silly cache add   scope: null,
7 silly cache add   name: null,
7 silly cache add   rawSpec: '.',
7 silly cache add   spec: '/Users/jackh/src/react-transact',
7 silly cache add   type: 'directory' }
8 verbose addLocalDirectory /Users/jackh/.npm/react-transact/0.1.7/package.tgz not in flight; packing
9 verbose correctMkdir /Users/jackh/.npm correctMkdir not in flight; initializing
10 info lifecycle react-transact@0.1.7~prepublish: react-transact@0.1.7
11 silly lifecycle react-transact@0.1.7~prepublish: no script for prepublish, continuing
12 verbose tar pack [ '/Users/jackh/.npm/react-transact/0.1.7/package.tgz',
12 verbose tar pack   '/Users/jackh/src/react-transact' ]
13 verbose tarball /Users/jackh/.npm/react-transact/0.1.7/package.tgz
14 verbose folder /Users/jackh/src/react-transact
15 verbose addLocalTarball adding from inside cache /Users/jackh/.npm/react-transact/0.1.7/package.tgz
16 verbose correctMkdir /Users/jackh/.npm correctMkdir not in flight; initializing
17 silly cache afterAdd react-transact@0.1.7
18 verbose afterAdd /Users/jackh/.npm/react-transact/0.1.7/package/package.json not in flight; writing
19 verbose correctMkdir /Users/jackh/.npm correctMkdir not in flight; initializing
20 verbose afterAdd /Users/jackh/.npm/react-transact/0.1.7/package/package.json written
21 silly publish { name: 'react-transact',
21 silly publish   version: '0.1.7',
21 silly publish   description: 'Data transaction manager for react',
21 silly publish   repository:
21 silly publish    { type: 'git',
21 silly publish      url: 'git+https://github.com/pressly/react-transact.git' },
21 silly publish   main: 'index.js',
21 silly publish   files: [ 'umd', 'lib', 'index.js', 'router.js', 'LICENSE', 'README.md' ],
21 silly publish   scripts:
21 silly publish    { clean: 'rm -rf lib dist',
21 silly publish      build: 'npm run clean && npm run compile:ts && npm run compile:es6',
21 silly publish      'compile:ts': 'tsc',
21 silly publish      'compile:es6': 'webpack -p lib/index.js umd/ReactTransact.js',
21 silly publish      test: 'npm run compile:ts && tape \'test/**/*.js\'',
21 silly publish      'test:watch': 'concurrently \'tsc -w\' \'nodemon --delay 1000ms --exec tape "test/**/*.js"\'' },
21 silly publish   author:
21 silly publish    { name: 'Jack Hsu',
21 silly publish      email: 'jack.hsu@gmail.com',
21 silly publish      url: 'https://github.com/jaysoo' },
21 silly publish   license: 'ISC',
21 silly publish   keywords: [ 'react' ],
21 silly publish   dependencies: {},
21 silly publish   devDependencies:
21 silly publish    { 'babel-loader': '6.2.4',
21 silly publish      'babel-preset-es2015': '6.6.0',
21 silly publish      concurrently: '2.0.0',
21 silly publish      enzyme: '2.2.0',
21 silly publish      jsdom: '8.4.1',
21 silly publish      nodemon: '1.9.1',
21 silly publish      react: '15.0.1',
21 silly publish      'react-addons-test-utils': '15.0.1',
21 silly publish      'react-dom': '15.0.1',
21 silly publish      'react-redux': '4.4.5',
21 silly publish      'react-router': '2.4.0',
21 silly publish      redux: '3.5.2',
21 silly publish      sinon: '1.17.3',
21 silly publish      tape: '4.5.1',
21 silly publish      typescript: '1.8.9',
21 silly publish      typings: '0.7.9',
21 silly publish      webpack: '1.13.0' },
21 silly publish   readme: '# react-transact\n\nHandle data transactions in a declarative way.\n\n## Example\n\nThe following is an example of a todo app that lists todos by user.\n\nApp.js:\n\n```js\nimport { RunContext } from \'react-transact\'\nimport React from \'react\'\nimport ReactDOM from \'react-dom\'\nimport UserTodos from \'./UserTodos\'\n\nReactDOM.render(\n  <div>\n    <h1>Todo App</h1>\n    <RunContext>\n      <UserTodos userId={1}/>\n    </RunContext>\n  </div>\n  ,\n  document.getElementById(\'app\')\n)\n\n```\n\nUserTodos.js:\n\n```js\nimport { scan } from \'ramda\'\nimport { transact, taskCreator } from \'react-transact\'\n\nconst getUser = taskCreator(\n  \'GET_USER_ERROR\',\n  \'USER_LOADED\',\n  (userId) => fetch(`/users/${userId}`))\n\nconst getUserTodos = taskCreator(\n  \'GET_TODOS_ERROR\',\n  \'TODOS_LOADED\',\n  (user) => fetch(`/users/${user.id}/todos`)\n)\n\n// Run tasks when this component mounts\n@transact((state, props) => (\n  // Scan is like reduce, but returns each successively reduced value\n  scan(\n    // Chains the next task using the eventual result of current task\n    (task, next) => task.chain(next),\n    \n    // Initial task\n    getUser(props.userId),\n    \n    // Chainable task creators\n    [\n      getUserTodos\n    ]\n  )\n))\n// Regular react-redux connect, assuming the state is updated via above tasks\n@connect(\n  (state) => ({\n    todos: state.todos,\n    user: state.user\n  })\n)\nclass UserTodos extends React.Component {\n  render() {\n    const { todos, user } = this.props\n    return (\n      <div>\n        Showing todos for user = {user.name}:\n        { todos.map(t => <p>{ t.text }</p>) }\n      </div>\n    )\n  }\n}\n```\n\nFor more examples, see the [examples](./examples) folder.\n\n## API\n\n### Task\n\nThe `Task<A,B>` structure represents a disjunction for actions that depend on time.\n\n`Task<A,B>` may either contain an action of type A, or an action of type B.\n\nThe left-side `A` of the disjunction represents a rejection, while the right-side `B`\nrepresents resolution. This structure is biased on the right-side, thus projections\nwill take the right value over the left value.\n\nExample: \n\n```js\nconst sayHello = (name) => Task((rej, res) => {\n  try {\n    res({ type: \'RECEIVED_MESSAGE\', payload: `Hello ${name}!` })\n  } catch (e) {\n    rej({ type: \'RECEIVED_MESSAGE_ERROR\', payload: e })\n  }\n})\n\n// This will print \'Dispatched: { "type": "RECEIVED_MESSAGE", "payload": "Hello Bob!" }\'\nsayHello(\'Bob\').fork(\n  (x) => console.log(`Dispatched: ${JSON.stringify(x)}`)\n)\n```\n',
21 silly publish   readmeFilename: 'README.md',
21 silly publish   gitHead: 'c28cd68c3939b65d6abc833db7c05bf713c98570',
21 silly publish   bugs: { url: 'https://github.com/pressly/react-transact/issues' },
21 silly publish   homepage: 'https://github.com/pressly/react-transact#readme',
21 silly publish   _id: 'react-transact@0.1.7',
21 silly publish   _shasum: '94fe8001a311306054e707ca5c978d2efe8d4bf6',
21 silly publish   _from: '.' }
22 verbose getPublishConfig undefined
23 silly mapToRegistry name react-transact
24 silly mapToRegistry using default registry
25 silly mapToRegistry registry https://registry.npmjs.org/
26 silly mapToRegistry data Result {
26 silly mapToRegistry   raw: 'react-transact',
26 silly mapToRegistry   scope: null,
26 silly mapToRegistry   name: 'react-transact',
26 silly mapToRegistry   rawSpec: '',
26 silly mapToRegistry   spec: 'latest',
26 silly mapToRegistry   type: 'tag' }
27 silly mapToRegistry uri https://registry.npmjs.org/react-transact
28 verbose publish registryBase https://registry.npmjs.org/
29 silly publish uploading /Users/jackh/.npm/react-transact/0.1.7/package.tgz
30 verbose request uri https://registry.npmjs.org/react-transact
31 verbose request sending authorization for write operation
32 info attempt registry request try #1 at 5:47:32 PM
33 verbose request using bearer token for auth
34 verbose request id 7f33e42e49ed4a2b
35 http request PUT https://registry.npmjs.org/react-transact
36 http 403 https://registry.npmjs.org/react-transact
37 verbose headers { 'content-type': 'application/json',
37 verbose headers   'cache-control': 'max-age=300',
37 verbose headers   'content-length': '95',
37 verbose headers   'accept-ranges': 'bytes',
37 verbose headers   date: 'Sun, 01 May 2016 21:47:34 GMT',
37 verbose headers   via: '1.1 varnish',
37 verbose headers   connection: 'keep-alive',
37 verbose headers   'x-served-by': 'cache-dfw1834-DFW',
37 verbose headers   'x-cache': 'MISS',
37 verbose headers   'x-cache-hits': '0',
37 verbose headers   'x-timer': 'S1462139252.685901,VS0,VE2215',
37 verbose headers   vary: 'Accept-Encoding' }
38 verbose request invalidating /Users/jackh/.npm/registry.npmjs.org/react-transact on PUT
39 error publish Failed PUT 403
40 verbose stack Error: "You cannot publish over the previously published version 0.1.7." : react-transact
40 verbose stack     at makeError (/Users/jackh/.nvm/versions/node/v6.0.0/lib/node_modules/npm/node_modules/npm-registry-client/lib/request.js:264:12)
40 verbose stack     at CachingRegistryClient.<anonymous> (/Users/jackh/.nvm/versions/node/v6.0.0/lib/node_modules/npm/node_modules/npm-registry-client/lib/request.js:252:14)
40 verbose stack     at Request._callback (/Users/jackh/.nvm/versions/node/v6.0.0/lib/node_modules/npm/node_modules/npm-registry-client/lib/request.js:172:14)
40 verbose stack     at Request.self.callback (/Users/jackh/.nvm/versions/node/v6.0.0/lib/node_modules/npm/node_modules/request/request.js:199:22)
40 verbose stack     at emitTwo (events.js:106:13)
40 verbose stack     at Request.emit (events.js:191:7)
40 verbose stack     at Request.<anonymous> (/Users/jackh/.nvm/versions/node/v6.0.0/lib/node_modules/npm/node_modules/request/request.js:1036:10)
40 verbose stack     at emitOne (events.js:101:20)
40 verbose stack     at Request.emit (events.js:188:7)
40 verbose stack     at IncomingMessage.<anonymous> (/Users/jackh/.nvm/versions/node/v6.0.0/lib/node_modules/npm/node_modules/request/request.js:963:12)
41 verbose statusCode 403
42 verbose pkgid react-transact
43 verbose cwd /Users/jackh/src/react-transact
44 error Darwin 15.0.0
45 error argv "/Users/jackh/.nvm/versions/node/v6.0.0/bin/node" "/Users/jackh/.nvm/versions/node/v6.0.0/bin/npm" "publish"
46 error node v6.0.0
47 error npm  v3.8.6
48 error code E403
49 error "You cannot publish over the previously published version 0.1.7." : react-transact
50 error If you need help, you may report this error at:
50 error     <https://github.com/npm/npm/issues>
51 verbose exit [ 1, true ]
